<?xml version="1.0" encoding="UTF-8"?>
<testng-results skipped="0" failed="0" ignored="0" total="4" passed="4">
  <reporter-output>
  </reporter-output>
  <suite name="Surefire suite" duration-ms="40" started-at="2020-06-22T00:01:59 IST" finished-at="2020-06-22T00:01:59 IST">
    <groups>
    </groups>
    <test name="Surefire test" duration-ms="40" started-at="2020-06-22T00:01:59 IST" finished-at="2020-06-22T00:01:59 IST">
      <class name="qaclickacademy.AppiumTest">
        <test-method status="PASS" signature="IOSApps()[pri:0, instance:qaclickacademy.AppiumTest@1c3a4799]" name="IOSApps" duration-ms="3" started-at="2020-06-22T00:01:59 IST" finished-at="2020-06-22T00:01:59 IST">
          <reporter-output>
          </reporter-output>
        </test-method> <!-- IOSApps -->
        <test-method status="PASS" signature="NativeAPpAndroid()[pri:0, instance:qaclickacademy.AppiumTest@1c3a4799]" name="NativeAPpAndroid" duration-ms="0" started-at="2020-06-22T00:01:59 IST" finished-at="2020-06-22T00:01:59 IST">
          <reporter-output>
          </reporter-output>
        </test-method> <!-- NativeAPpAndroid -->
      </class> <!-- qaclickacademy.AppiumTest -->
      <class name="qaclickacademy.RestAPITest">
        <test-method status="PASS" signature="deleteTwitter()[pri:0, instance:qaclickacademy.RestAPITest@131276c2]" name="deleteTwitter" duration-ms="1" started-at="2020-06-22T00:01:59 IST" finished-at="2020-06-22T00:01:59 IST">
          <reporter-output>
          </reporter-output>
        </test-method> <!-- deleteTwitter -->
        <test-method status="PASS" signature="postJira()[pri:0, instance:qaclickacademy.RestAPITest@131276c2]" name="postJira" duration-ms="1" started-at="2020-06-22T00:01:59 IST" finished-at="2020-06-22T00:01:59 IST">
          <reporter-output>
          </reporter-output>
        </test-method> <!-- postJira -->
      </class> <!-- qaclickacademy.RestAPITest -->
    </test> <!-- Surefire test -->
  </suite> <!-- Surefire suite -->
</testng-results>
