<?xml version="1.0" encoding="UTF-8"?>
<!-- Generated by org.testng.reporters.JUnitXMLReporter -->
<testsuite hostname="LAPTOP-59AOT27G" ignored="0" name="Test" tests="4" failures="0" timestamp="2020-06-22T20:48:36 IST" time="0.036" errors="0">
  <testcase name="deleteTwitter" time="0.004" classname="qaclickacademy.RestAPITest"/>
  <testcase name="postJira" time="0.0" classname="qaclickacademy.RestAPITest"/>
  <testcase name="BrowserAUtomation" time="0.0" classname="qaclickacademy.seleniumTest"/>
  <testcase name="elementsUi" time="0.0" classname="qaclickacademy.seleniumTest"/>
</testsuite> <!-- Test -->
