<?xml version="1.0" encoding="UTF-8"?>
<!-- Generated by org.testng.reporters.JUnitXMLReporter -->
<testsuite hostname="LAPTOP-59AOT27G" ignored="0" name="Command line test" tests="4" failures="0" timestamp="2020-06-21T23:43:37 IST" time="0.051" errors="0">
  <testcase name="IOSApps" time="0.004" classname="qaclickacademy.AppiumTest"/>
  <testcase name="NativeAPpAndroid" time="0.0" classname="qaclickacademy.AppiumTest"/>
  <testcase name="deleteTwitter" time="0.001" classname="qaclickacademy.RestAPITest"/>
  <testcase name="postJira" time="0.001" classname="qaclickacademy.RestAPITest"/>
</testsuite> <!-- Command line test -->
