<?xml version="1.0" encoding="UTF-8"?>
<testng-results skipped="0" failed="0" ignored="0" total="4" passed="4">
  <reporter-output>
  </reporter-output>
  <suite name="Suite" duration-ms="36" started-at="2020-06-22T20:48:35 IST" finished-at="2020-06-22T20:48:35 IST">
    <groups>
    </groups>
    <test name="Test" duration-ms="36" started-at="2020-06-22T20:48:35 IST" finished-at="2020-06-22T20:48:35 IST">
      <class name="qaclickacademy.RestAPITest">
        <test-method status="PASS" signature="deleteTwitter()[pri:0, instance:qaclickacademy.RestAPITest@694e1548]" name="deleteTwitter" duration-ms="4" started-at="2020-06-22T20:48:35 IST" finished-at="2020-06-22T20:48:35 IST">
          <reporter-output>
          </reporter-output>
        </test-method> <!-- deleteTwitter -->
        <test-method status="PASS" signature="postJira()[pri:0, instance:qaclickacademy.RestAPITest@694e1548]" name="postJira" duration-ms="0" started-at="2020-06-22T20:48:35 IST" finished-at="2020-06-22T20:48:35 IST">
          <reporter-output>
          </reporter-output>
        </test-method> <!-- postJira -->
      </class> <!-- qaclickacademy.RestAPITest -->
      <class name="qaclickacademy.seleniumTest">
        <test-method status="PASS" signature="BrowserAUtomation()[pri:0, instance:qaclickacademy.seleniumTest@1c3a4799]" name="BrowserAUtomation" duration-ms="0" started-at="2020-06-22T20:48:35 IST" finished-at="2020-06-22T20:48:35 IST">
          <reporter-output>
          </reporter-output>
        </test-method> <!-- BrowserAUtomation -->
        <test-method status="PASS" signature="elementsUi()[pri:0, instance:qaclickacademy.seleniumTest@1c3a4799]" name="elementsUi" duration-ms="0" started-at="2020-06-22T20:48:35 IST" finished-at="2020-06-22T20:48:35 IST">
          <reporter-output>
          </reporter-output>
        </test-method> <!-- elementsUi -->
      </class> <!-- qaclickacademy.seleniumTest -->
    </test> <!-- Test -->
  </suite> <!-- Suite -->
</testng-results>
