<?xml version="1.0" encoding="UTF-8"?>
<testng-results skipped="0" failed="0" ignored="0" total="2" passed="2">
  <reporter-output>
  </reporter-output>
  <suite name="Default suite" duration-ms="39" started-at="2020-06-22T00:07:52 IST" finished-at="2020-06-22T00:07:52 IST">
    <groups>
    </groups>
    <test name="Default test" duration-ms="39" started-at="2020-06-22T00:07:52 IST" finished-at="2020-06-22T00:07:52 IST">
      <class name="qaclickacademy.seleniumTest">
        <test-method status="PASS" signature="BrowserAUtomation()[pri:0, instance:qaclickacademy.seleniumTest@38bc8ab5]" name="BrowserAUtomation" duration-ms="8" started-at="2020-06-22T00:07:52 IST" finished-at="2020-06-22T00:07:52 IST">
          <reporter-output>
          </reporter-output>
        </test-method> <!-- BrowserAUtomation -->
        <test-method status="PASS" signature="elementsUi()[pri:0, instance:qaclickacademy.seleniumTest@38bc8ab5]" name="elementsUi" duration-ms="1" started-at="2020-06-22T00:07:52 IST" finished-at="2020-06-22T00:07:52 IST">
          <reporter-output>
          </reporter-output>
        </test-method> <!-- elementsUi -->
      </class> <!-- qaclickacademy.seleniumTest -->
    </test> <!-- Default test -->
  </suite> <!-- Default suite -->
</testng-results>
